Performing C SOURCE FILE Test CMAKE_HAVE_LIBC_PTHREAD failed with the following output:
Change Dir: /home/ygcho/ca/conv/build/CMakeFiles/CMakeTmp

Run Build Command(s):/usr/bin/make cmTC_63b66/fast && /usr/bin/make -f CMakeFiles/cmTC_63b66.dir/build.make CMakeFiles/cmTC_63b66.dir/build
make[1]: Entering directory '/home/ygcho/ca/conv/build/CMakeFiles/CMakeTmp'
Building C object CMakeFiles/cmTC_63b66.dir/src.c.o
/usr/bin/cc   -DCMAKE_HAVE_LIBC_PTHREAD   -o CMakeFiles/cmTC_63b66.dir/src.c.o   -c /home/ygcho/ca/conv/build/CMakeFiles/CMakeTmp/src.c
Linking C executable cmTC_63b66
/usr/bin/cmake -E cmake_link_script CMakeFiles/cmTC_63b66.dir/link.txt --verbose=1
/usr/bin/cc  -DCMAKE_HAVE_LIBC_PTHREAD    -rdynamic CMakeFiles/cmTC_63b66.dir/src.c.o  -o cmTC_63b66 
/usr/bin/ld: CMakeFiles/cmTC_63b66.dir/src.c.o: in function `main':
src.c:(.text+0x3e): undefined reference to `pthread_create'
/usr/bin/ld: src.c:(.text+0x4a): undefined reference to `pthread_detach'
/usr/bin/ld: src.c:(.text+0x5b): undefined reference to `pthread_join'
collect2: error: ld returned 1 exit status
make[1]: *** [CMakeFiles/cmTC_63b66.dir/build.make:87: cmTC_63b66] Error 1
make[1]: Leaving directory '/home/ygcho/ca/conv/build/CMakeFiles/CMakeTmp'
make: *** [Makefile:121: cmTC_63b66/fast] Error 2


Source file was:
#include <pthread.h>

void* test_func(void* data)
{
  return data;
}

int main(void)
{
  pthread_t thread;
  pthread_create(&thread, NULL, test_func, NULL);
  pthread_detach(thread);
  pthread_join(thread, NULL);
  pthread_atfork(NULL, NULL, NULL);
  pthread_exit(NULL);

  return 0;
}

Determining if the function pthread_create exists in the pthreads failed with the following output:
Change Dir: /home/ygcho/ca/conv/build/CMakeFiles/CMakeTmp

Run Build Command(s):/usr/bin/make cmTC_8ab2d/fast && /usr/bin/make -f CMakeFiles/cmTC_8ab2d.dir/build.make CMakeFiles/cmTC_8ab2d.dir/build
make[1]: Entering directory '/home/ygcho/ca/conv/build/CMakeFiles/CMakeTmp'
Building C object CMakeFiles/cmTC_8ab2d.dir/CheckFunctionExists.c.o
/usr/bin/cc   -DCHECK_FUNCTION_EXISTS=pthread_create   -o CMakeFiles/cmTC_8ab2d.dir/CheckFunctionExists.c.o   -c /usr/share/cmake-3.16/Modules/CheckFunctionExists.c
Linking C executable cmTC_8ab2d
/usr/bin/cmake -E cmake_link_script CMakeFiles/cmTC_8ab2d.dir/link.txt --verbose=1
/usr/bin/cc  -DCHECK_FUNCTION_EXISTS=pthread_create    -rdynamic CMakeFiles/cmTC_8ab2d.dir/CheckFunctionExists.c.o  -o cmTC_8ab2d  -lpthreads 
/usr/bin/ld: cannot find -lpthreads
collect2: error: ld returned 1 exit status
make[1]: *** [CMakeFiles/cmTC_8ab2d.dir/build.make:87: cmTC_8ab2d] Error 1
make[1]: Leaving directory '/home/ygcho/ca/conv/build/CMakeFiles/CMakeTmp'
make: *** [Makefile:121: cmTC_8ab2d/fast] Error 2



Performing C SOURCE FILE Test CMAKE_HAVE_LIBC_PTHREAD failed with the following output:
Change Dir: /home/ygcho/ca/conv/build/CMakeFiles/CMakeTmp

Run Build Command(s):/usr/bin/make cmTC_f8c6b/fast && /usr/bin/make -f CMakeFiles/cmTC_f8c6b.dir/build.make CMakeFiles/cmTC_f8c6b.dir/build
make[1]: Entering directory '/home/ygcho/ca/conv/build/CMakeFiles/CMakeTmp'
Building C object CMakeFiles/cmTC_f8c6b.dir/src.c.o
/usr/bin/cc   -DCMAKE_HAVE_LIBC_PTHREAD   -o CMakeFiles/cmTC_f8c6b.dir/src.c.o   -c /home/ygcho/ca/conv/build/CMakeFiles/CMakeTmp/src.c
Linking C executable cmTC_f8c6b
/usr/bin/cmake -E cmake_link_script CMakeFiles/cmTC_f8c6b.dir/link.txt --verbose=1
/usr/bin/cc  -DCMAKE_HAVE_LIBC_PTHREAD    -rdynamic CMakeFiles/cmTC_f8c6b.dir/src.c.o  -o cmTC_f8c6b 
/usr/bin/ld: CMakeFiles/cmTC_f8c6b.dir/src.c.o: in function `main':
src.c:(.text+0x3e): undefined reference to `pthread_create'
/usr/bin/ld: src.c:(.text+0x4a): undefined reference to `pthread_detach'
/usr/bin/ld: src.c:(.text+0x5b): undefined reference to `pthread_join'
collect2: error: ld returned 1 exit status
make[1]: *** [CMakeFiles/cmTC_f8c6b.dir/build.make:87: cmTC_f8c6b] Error 1
make[1]: Leaving directory '/home/ygcho/ca/conv/build/CMakeFiles/CMakeTmp'
make: *** [Makefile:121: cmTC_f8c6b/fast] Error 2


Source file was:
#include <pthread.h>

void* test_func(void* data)
{
  return data;
}

int main(void)
{
  pthread_t thread;
  pthread_create(&thread, NULL, test_func, NULL);
  pthread_detach(thread);
  pthread_join(thread, NULL);
  pthread_atfork(NULL, NULL, NULL);
  pthread_exit(NULL);

  return 0;
}

Determining if the function pthread_create exists in the pthreads failed with the following output:
Change Dir: /home/ygcho/ca/conv/build/CMakeFiles/CMakeTmp

Run Build Command(s):/usr/bin/make cmTC_f8b8b/fast && /usr/bin/make -f CMakeFiles/cmTC_f8b8b.dir/build.make CMakeFiles/cmTC_f8b8b.dir/build
make[1]: Entering directory '/home/ygcho/ca/conv/build/CMakeFiles/CMakeTmp'
Building C object CMakeFiles/cmTC_f8b8b.dir/CheckFunctionExists.c.o
/usr/bin/cc   -DCHECK_FUNCTION_EXISTS=pthread_create   -o CMakeFiles/cmTC_f8b8b.dir/CheckFunctionExists.c.o   -c /usr/share/cmake-3.16/Modules/CheckFunctionExists.c
Linking C executable cmTC_f8b8b
/usr/bin/cmake -E cmake_link_script CMakeFiles/cmTC_f8b8b.dir/link.txt --verbose=1
/usr/bin/cc  -DCHECK_FUNCTION_EXISTS=pthread_create    -rdynamic CMakeFiles/cmTC_f8b8b.dir/CheckFunctionExists.c.o  -o cmTC_f8b8b  -lpthreads 
/usr/bin/ld: cannot find -lpthreads
collect2: error: ld returned 1 exit status
make[1]: *** [CMakeFiles/cmTC_f8b8b.dir/build.make:87: cmTC_f8b8b] Error 1
make[1]: Leaving directory '/home/ygcho/ca/conv/build/CMakeFiles/CMakeTmp'
make: *** [Makefile:121: cmTC_f8b8b/fast] Error 2



Performing C SOURCE FILE Test CMAKE_HAVE_LIBC_PTHREAD failed with the following output:
Change Dir: /home/ygcho/ca/conv/build/CMakeFiles/CMakeTmp

Run Build Command(s):/usr/bin/make cmTC_830b5/fast && /usr/bin/make -f CMakeFiles/cmTC_830b5.dir/build.make CMakeFiles/cmTC_830b5.dir/build
make[1]: Entering directory '/home/ygcho/ca/conv/build/CMakeFiles/CMakeTmp'
Building C object CMakeFiles/cmTC_830b5.dir/src.c.o
/usr/bin/cc   -DCMAKE_HAVE_LIBC_PTHREAD   -o CMakeFiles/cmTC_830b5.dir/src.c.o   -c /home/ygcho/ca/conv/build/CMakeFiles/CMakeTmp/src.c
Linking C executable cmTC_830b5
/usr/bin/cmake -E cmake_link_script CMakeFiles/cmTC_830b5.dir/link.txt --verbose=1
/usr/bin/cc  -DCMAKE_HAVE_LIBC_PTHREAD    -rdynamic CMakeFiles/cmTC_830b5.dir/src.c.o  -o cmTC_830b5 
/usr/bin/ld: CMakeFiles/cmTC_830b5.dir/src.c.o: in function `main':
src.c:(.text+0x3e): undefined reference to `pthread_create'
/usr/bin/ld: src.c:(.text+0x4a): undefined reference to `pthread_detach'
/usr/bin/ld: src.c:(.text+0x5b): undefined reference to `pthread_join'
collect2: error: ld returned 1 exit status
make[1]: *** [CMakeFiles/cmTC_830b5.dir/build.make:87: cmTC_830b5] Error 1
make[1]: Leaving directory '/home/ygcho/ca/conv/build/CMakeFiles/CMakeTmp'
make: *** [Makefile:121: cmTC_830b5/fast] Error 2


Source file was:
#include <pthread.h>

void* test_func(void* data)
{
  return data;
}

int main(void)
{
  pthread_t thread;
  pthread_create(&thread, NULL, test_func, NULL);
  pthread_detach(thread);
  pthread_join(thread, NULL);
  pthread_atfork(NULL, NULL, NULL);
  pthread_exit(NULL);

  return 0;
}

Determining if the function pthread_create exists in the pthreads failed with the following output:
Change Dir: /home/ygcho/ca/conv/build/CMakeFiles/CMakeTmp

Run Build Command(s):/usr/bin/make cmTC_d71ba/fast && /usr/bin/make -f CMakeFiles/cmTC_d71ba.dir/build.make CMakeFiles/cmTC_d71ba.dir/build
make[1]: Entering directory '/home/ygcho/ca/conv/build/CMakeFiles/CMakeTmp'
Building C object CMakeFiles/cmTC_d71ba.dir/CheckFunctionExists.c.o
/usr/bin/cc   -DCHECK_FUNCTION_EXISTS=pthread_create   -o CMakeFiles/cmTC_d71ba.dir/CheckFunctionExists.c.o   -c /usr/share/cmake-3.16/Modules/CheckFunctionExists.c
Linking C executable cmTC_d71ba
/usr/bin/cmake -E cmake_link_script CMakeFiles/cmTC_d71ba.dir/link.txt --verbose=1
/usr/bin/cc  -DCHECK_FUNCTION_EXISTS=pthread_create    -rdynamic CMakeFiles/cmTC_d71ba.dir/CheckFunctionExists.c.o  -o cmTC_d71ba  -lpthreads 
/usr/bin/ld: cannot find -lpthreads
collect2: error: ld returned 1 exit status
make[1]: *** [CMakeFiles/cmTC_d71ba.dir/build.make:87: cmTC_d71ba] Error 1
make[1]: Leaving directory '/home/ygcho/ca/conv/build/CMakeFiles/CMakeTmp'
make: *** [Makefile:121: cmTC_d71ba/fast] Error 2



Performing C SOURCE FILE Test CMAKE_HAVE_LIBC_PTHREAD failed with the following output:
Change Dir: /home/ygcho/ca/conv/build/CMakeFiles/CMakeTmp

Run Build Command(s):/usr/bin/make cmTC_c9e91/fast && /usr/bin/make -f CMakeFiles/cmTC_c9e91.dir/build.make CMakeFiles/cmTC_c9e91.dir/build
make[1]: Entering directory '/home/ygcho/ca/conv/build/CMakeFiles/CMakeTmp'
Building C object CMakeFiles/cmTC_c9e91.dir/src.c.o
/usr/bin/cc   -DCMAKE_HAVE_LIBC_PTHREAD   -o CMakeFiles/cmTC_c9e91.dir/src.c.o   -c /home/ygcho/ca/conv/build/CMakeFiles/CMakeTmp/src.c
Linking C executable cmTC_c9e91
/usr/bin/cmake -E cmake_link_script CMakeFiles/cmTC_c9e91.dir/link.txt --verbose=1
/usr/bin/cc  -DCMAKE_HAVE_LIBC_PTHREAD    -rdynamic CMakeFiles/cmTC_c9e91.dir/src.c.o  -o cmTC_c9e91 
/usr/bin/ld: CMakeFiles/cmTC_c9e91.dir/src.c.o: in function `main':
src.c:(.text+0x3e): undefined reference to `pthread_create'
/usr/bin/ld: src.c:(.text+0x4a): undefined reference to `pthread_detach'
/usr/bin/ld: src.c:(.text+0x5b): undefined reference to `pthread_join'
collect2: error: ld returned 1 exit status
make[1]: *** [CMakeFiles/cmTC_c9e91.dir/build.make:87: cmTC_c9e91] Error 1
make[1]: Leaving directory '/home/ygcho/ca/conv/build/CMakeFiles/CMakeTmp'
make: *** [Makefile:121: cmTC_c9e91/fast] Error 2


Source file was:
#include <pthread.h>

void* test_func(void* data)
{
  return data;
}

int main(void)
{
  pthread_t thread;
  pthread_create(&thread, NULL, test_func, NULL);
  pthread_detach(thread);
  pthread_join(thread, NULL);
  pthread_atfork(NULL, NULL, NULL);
  pthread_exit(NULL);

  return 0;
}

Determining if the function pthread_create exists in the pthreads failed with the following output:
Change Dir: /home/ygcho/ca/conv/build/CMakeFiles/CMakeTmp

Run Build Command(s):/usr/bin/make cmTC_1dbfc/fast && /usr/bin/make -f CMakeFiles/cmTC_1dbfc.dir/build.make CMakeFiles/cmTC_1dbfc.dir/build
make[1]: Entering directory '/home/ygcho/ca/conv/build/CMakeFiles/CMakeTmp'
Building C object CMakeFiles/cmTC_1dbfc.dir/CheckFunctionExists.c.o
/usr/bin/cc   -DCHECK_FUNCTION_EXISTS=pthread_create   -o CMakeFiles/cmTC_1dbfc.dir/CheckFunctionExists.c.o   -c /usr/share/cmake-3.16/Modules/CheckFunctionExists.c
Linking C executable cmTC_1dbfc
/usr/bin/cmake -E cmake_link_script CMakeFiles/cmTC_1dbfc.dir/link.txt --verbose=1
/usr/bin/cc  -DCHECK_FUNCTION_EXISTS=pthread_create    -rdynamic CMakeFiles/cmTC_1dbfc.dir/CheckFunctionExists.c.o  -o cmTC_1dbfc  -lpthreads 
/usr/bin/ld: cannot find -lpthreads
collect2: error: ld returned 1 exit status
make[1]: *** [CMakeFiles/cmTC_1dbfc.dir/build.make:87: cmTC_1dbfc] Error 1
make[1]: Leaving directory '/home/ygcho/ca/conv/build/CMakeFiles/CMakeTmp'
make: *** [Makefile:121: cmTC_1dbfc/fast] Error 2



Performing C SOURCE FILE Test CMAKE_HAVE_LIBC_PTHREAD failed with the following output:
Change Dir: /home/ygcho/ca/conv/build/CMakeFiles/CMakeTmp

Run Build Command(s):/usr/bin/make cmTC_05489/fast && /usr/bin/make -f CMakeFiles/cmTC_05489.dir/build.make CMakeFiles/cmTC_05489.dir/build
make[1]: Entering directory '/home/ygcho/ca/conv/build/CMakeFiles/CMakeTmp'
Building C object CMakeFiles/cmTC_05489.dir/src.c.o
/usr/bin/cc   -DCMAKE_HAVE_LIBC_PTHREAD   -o CMakeFiles/cmTC_05489.dir/src.c.o   -c /home/ygcho/ca/conv/build/CMakeFiles/CMakeTmp/src.c
Linking C executable cmTC_05489
/usr/bin/cmake -E cmake_link_script CMakeFiles/cmTC_05489.dir/link.txt --verbose=1
/usr/bin/cc  -DCMAKE_HAVE_LIBC_PTHREAD    -rdynamic CMakeFiles/cmTC_05489.dir/src.c.o  -o cmTC_05489 
/usr/bin/ld: CMakeFiles/cmTC_05489.dir/src.c.o: in function `main':
src.c:(.text+0x3e): undefined reference to `pthread_create'
/usr/bin/ld: src.c:(.text+0x4a): undefined reference to `pthread_detach'
/usr/bin/ld: src.c:(.text+0x5b): undefined reference to `pthread_join'
collect2: error: ld returned 1 exit status
make[1]: *** [CMakeFiles/cmTC_05489.dir/build.make:87: cmTC_05489] Error 1
make[1]: Leaving directory '/home/ygcho/ca/conv/build/CMakeFiles/CMakeTmp'
make: *** [Makefile:121: cmTC_05489/fast] Error 2


Source file was:
#include <pthread.h>

void* test_func(void* data)
{
  return data;
}

int main(void)
{
  pthread_t thread;
  pthread_create(&thread, NULL, test_func, NULL);
  pthread_detach(thread);
  pthread_join(thread, NULL);
  pthread_atfork(NULL, NULL, NULL);
  pthread_exit(NULL);

  return 0;
}

Determining if the function pthread_create exists in the pthreads failed with the following output:
Change Dir: /home/ygcho/ca/conv/build/CMakeFiles/CMakeTmp

Run Build Command(s):/usr/bin/make cmTC_18835/fast && /usr/bin/make -f CMakeFiles/cmTC_18835.dir/build.make CMakeFiles/cmTC_18835.dir/build
make[1]: Entering directory '/home/ygcho/ca/conv/build/CMakeFiles/CMakeTmp'
Building C object CMakeFiles/cmTC_18835.dir/CheckFunctionExists.c.o
/usr/bin/cc   -DCHECK_FUNCTION_EXISTS=pthread_create   -o CMakeFiles/cmTC_18835.dir/CheckFunctionExists.c.o   -c /usr/share/cmake-3.16/Modules/CheckFunctionExists.c
Linking C executable cmTC_18835
/usr/bin/cmake -E cmake_link_script CMakeFiles/cmTC_18835.dir/link.txt --verbose=1
/usr/bin/cc  -DCHECK_FUNCTION_EXISTS=pthread_create    -rdynamic CMakeFiles/cmTC_18835.dir/CheckFunctionExists.c.o  -o cmTC_18835  -lpthreads 
/usr/bin/ld: cannot find -lpthreads
collect2: error: ld returned 1 exit status
make[1]: *** [CMakeFiles/cmTC_18835.dir/build.make:87: cmTC_18835] Error 1
make[1]: Leaving directory '/home/ygcho/ca/conv/build/CMakeFiles/CMakeTmp'
make: *** [Makefile:121: cmTC_18835/fast] Error 2



Performing C SOURCE FILE Test CMAKE_HAVE_LIBC_PTHREAD failed with the following output:
Change Dir: /home/ygcho/ca/conv/build/CMakeFiles/CMakeTmp

Run Build Command(s):/usr/bin/make cmTC_dcf09/fast && /usr/bin/make -f CMakeFiles/cmTC_dcf09.dir/build.make CMakeFiles/cmTC_dcf09.dir/build
make[1]: Entering directory '/home/ygcho/ca/conv/build/CMakeFiles/CMakeTmp'
Building C object CMakeFiles/cmTC_dcf09.dir/src.c.o
/usr/bin/cc   -DCMAKE_HAVE_LIBC_PTHREAD   -o CMakeFiles/cmTC_dcf09.dir/src.c.o   -c /home/ygcho/ca/conv/build/CMakeFiles/CMakeTmp/src.c
Linking C executable cmTC_dcf09
/usr/bin/cmake -E cmake_link_script CMakeFiles/cmTC_dcf09.dir/link.txt --verbose=1
/usr/bin/cc  -DCMAKE_HAVE_LIBC_PTHREAD    -rdynamic CMakeFiles/cmTC_dcf09.dir/src.c.o  -o cmTC_dcf09 
/usr/bin/ld: CMakeFiles/cmTC_dcf09.dir/src.c.o: in function `main':
src.c:(.text+0x46): undefined reference to `pthread_create'
/usr/bin/ld: src.c:(.text+0x52): undefined reference to `pthread_detach'
/usr/bin/ld: src.c:(.text+0x63): undefined reference to `pthread_join'
collect2: error: ld returned 1 exit status
make[1]: *** [CMakeFiles/cmTC_dcf09.dir/build.make:87: cmTC_dcf09] Error 1
make[1]: Leaving directory '/home/ygcho/ca/conv/build/CMakeFiles/CMakeTmp'
make: *** [Makefile:121: cmTC_dcf09/fast] Error 2


Source file was:
#include <pthread.h>

void* test_func(void* data)
{
  return data;
}

int main(void)
{
  pthread_t thread;
  pthread_create(&thread, NULL, test_func, NULL);
  pthread_detach(thread);
  pthread_join(thread, NULL);
  pthread_atfork(NULL, NULL, NULL);
  pthread_exit(NULL);

  return 0;
}

Determining if the function pthread_create exists in the pthreads failed with the following output:
Change Dir: /home/ygcho/ca/conv/build/CMakeFiles/CMakeTmp

Run Build Command(s):/usr/bin/make cmTC_0c173/fast && /usr/bin/make -f CMakeFiles/cmTC_0c173.dir/build.make CMakeFiles/cmTC_0c173.dir/build
make[1]: Entering directory '/home/ygcho/ca/conv/build/CMakeFiles/CMakeTmp'
Building C object CMakeFiles/cmTC_0c173.dir/CheckFunctionExists.c.o
/usr/bin/cc   -DCHECK_FUNCTION_EXISTS=pthread_create   -o CMakeFiles/cmTC_0c173.dir/CheckFunctionExists.c.o   -c /usr/share/cmake-3.16/Modules/CheckFunctionExists.c
Linking C executable cmTC_0c173
/usr/bin/cmake -E cmake_link_script CMakeFiles/cmTC_0c173.dir/link.txt --verbose=1
/usr/bin/cc  -DCHECK_FUNCTION_EXISTS=pthread_create    -rdynamic CMakeFiles/cmTC_0c173.dir/CheckFunctionExists.c.o  -o cmTC_0c173  -lpthreads 
/usr/bin/ld: cannot find -lpthreads
collect2: error: ld returned 1 exit status
make[1]: *** [CMakeFiles/cmTC_0c173.dir/build.make:87: cmTC_0c173] Error 1
make[1]: Leaving directory '/home/ygcho/ca/conv/build/CMakeFiles/CMakeTmp'
make: *** [Makefile:121: cmTC_0c173/fast] Error 2



Performing C SOURCE FILE Test CMAKE_HAVE_LIBC_PTHREAD failed with the following output:
Change Dir: /home/ygcho/ca/conv/build/CMakeFiles/CMakeTmp

Run Build Command(s):/usr/bin/make cmTC_c0e90/fast && /usr/bin/make -f CMakeFiles/cmTC_c0e90.dir/build.make CMakeFiles/cmTC_c0e90.dir/build
make[1]: Entering directory '/home/ygcho/ca/conv/build/CMakeFiles/CMakeTmp'
Building C object CMakeFiles/cmTC_c0e90.dir/src.c.o
/usr/bin/cc   -DCMAKE_HAVE_LIBC_PTHREAD   -o CMakeFiles/cmTC_c0e90.dir/src.c.o   -c /home/ygcho/ca/conv/build/CMakeFiles/CMakeTmp/src.c
Linking C executable cmTC_c0e90
/usr/bin/cmake -E cmake_link_script CMakeFiles/cmTC_c0e90.dir/link.txt --verbose=1
/usr/bin/cc  -DCMAKE_HAVE_LIBC_PTHREAD    -rdynamic CMakeFiles/cmTC_c0e90.dir/src.c.o  -o cmTC_c0e90 
/usr/bin/ld: CMakeFiles/cmTC_c0e90.dir/src.c.o: in function `main':
src.c:(.text+0x46): undefined reference to `pthread_create'
/usr/bin/ld: src.c:(.text+0x52): undefined reference to `pthread_detach'
/usr/bin/ld: src.c:(.text+0x63): undefined reference to `pthread_join'
collect2: error: ld returned 1 exit status
make[1]: *** [CMakeFiles/cmTC_c0e90.dir/build.make:87: cmTC_c0e90] Error 1
make[1]: Leaving directory '/home/ygcho/ca/conv/build/CMakeFiles/CMakeTmp'
make: *** [Makefile:121: cmTC_c0e90/fast] Error 2


Source file was:
#include <pthread.h>

void* test_func(void* data)
{
  return data;
}

int main(void)
{
  pthread_t thread;
  pthread_create(&thread, NULL, test_func, NULL);
  pthread_detach(thread);
  pthread_join(thread, NULL);
  pthread_atfork(NULL, NULL, NULL);
  pthread_exit(NULL);

  return 0;
}

Determining if the function pthread_create exists in the pthreads failed with the following output:
Change Dir: /home/ygcho/ca/conv/build/CMakeFiles/CMakeTmp

Run Build Command(s):/usr/bin/make cmTC_72045/fast && /usr/bin/make -f CMakeFiles/cmTC_72045.dir/build.make CMakeFiles/cmTC_72045.dir/build
make[1]: Entering directory '/home/ygcho/ca/conv/build/CMakeFiles/CMakeTmp'
Building C object CMakeFiles/cmTC_72045.dir/CheckFunctionExists.c.o
/usr/bin/cc   -DCHECK_FUNCTION_EXISTS=pthread_create   -o CMakeFiles/cmTC_72045.dir/CheckFunctionExists.c.o   -c /usr/share/cmake-3.16/Modules/CheckFunctionExists.c
Linking C executable cmTC_72045
/usr/bin/cmake -E cmake_link_script CMakeFiles/cmTC_72045.dir/link.txt --verbose=1
/usr/bin/cc  -DCHECK_FUNCTION_EXISTS=pthread_create    -rdynamic CMakeFiles/cmTC_72045.dir/CheckFunctionExists.c.o  -o cmTC_72045  -lpthreads 
/usr/bin/ld: cannot find -lpthreads
collect2: error: ld returned 1 exit status
make[1]: *** [CMakeFiles/cmTC_72045.dir/build.make:87: cmTC_72045] Error 1
make[1]: Leaving directory '/home/ygcho/ca/conv/build/CMakeFiles/CMakeTmp'
make: *** [Makefile:121: cmTC_72045/fast] Error 2



Performing C SOURCE FILE Test CMAKE_HAVE_LIBC_PTHREAD failed with the following output:
Change Dir: /home/ygcho/ca/conv/build/CMakeFiles/CMakeTmp

Run Build Command(s):/usr/bin/make cmTC_661fe/fast && /usr/bin/make -f CMakeFiles/cmTC_661fe.dir/build.make CMakeFiles/cmTC_661fe.dir/build
make[1]: Entering directory '/home/ygcho/ca/conv/build/CMakeFiles/CMakeTmp'
Building C object CMakeFiles/cmTC_661fe.dir/src.c.o
/usr/bin/cc   -DCMAKE_HAVE_LIBC_PTHREAD   -o CMakeFiles/cmTC_661fe.dir/src.c.o   -c /home/ygcho/ca/conv/build/CMakeFiles/CMakeTmp/src.c
Linking C executable cmTC_661fe
/usr/bin/cmake -E cmake_link_script CMakeFiles/cmTC_661fe.dir/link.txt --verbose=1
/usr/bin/cc  -DCMAKE_HAVE_LIBC_PTHREAD    -rdynamic CMakeFiles/cmTC_661fe.dir/src.c.o  -o cmTC_661fe 
/usr/bin/ld: CMakeFiles/cmTC_661fe.dir/src.c.o: in function `main':
src.c:(.text+0x46): undefined reference to `pthread_create'
/usr/bin/ld: src.c:(.text+0x52): undefined reference to `pthread_detach'
/usr/bin/ld: src.c:(.text+0x63): undefined reference to `pthread_join'
collect2: error: ld returned 1 exit status
make[1]: *** [CMakeFiles/cmTC_661fe.dir/build.make:87: cmTC_661fe] Error 1
make[1]: Leaving directory '/home/ygcho/ca/conv/build/CMakeFiles/CMakeTmp'
make: *** [Makefile:121: cmTC_661fe/fast] Error 2


Source file was:
#include <pthread.h>

void* test_func(void* data)
{
  return data;
}

int main(void)
{
  pthread_t thread;
  pthread_create(&thread, NULL, test_func, NULL);
  pthread_detach(thread);
  pthread_join(thread, NULL);
  pthread_atfork(NULL, NULL, NULL);
  pthread_exit(NULL);

  return 0;
}

Determining if the function pthread_create exists in the pthreads failed with the following output:
Change Dir: /home/ygcho/ca/conv/build/CMakeFiles/CMakeTmp

Run Build Command(s):/usr/bin/make cmTC_55d10/fast && /usr/bin/make -f CMakeFiles/cmTC_55d10.dir/build.make CMakeFiles/cmTC_55d10.dir/build
make[1]: Entering directory '/home/ygcho/ca/conv/build/CMakeFiles/CMakeTmp'
Building C object CMakeFiles/cmTC_55d10.dir/CheckFunctionExists.c.o
/usr/bin/cc   -DCHECK_FUNCTION_EXISTS=pthread_create   -o CMakeFiles/cmTC_55d10.dir/CheckFunctionExists.c.o   -c /usr/share/cmake-3.16/Modules/CheckFunctionExists.c
Linking C executable cmTC_55d10
/usr/bin/cmake -E cmake_link_script CMakeFiles/cmTC_55d10.dir/link.txt --verbose=1
/usr/bin/cc  -DCHECK_FUNCTION_EXISTS=pthread_create    -rdynamic CMakeFiles/cmTC_55d10.dir/CheckFunctionExists.c.o  -o cmTC_55d10  -lpthreads 
/usr/bin/ld: cannot find -lpthreads
collect2: error: ld returned 1 exit status
make[1]: *** [CMakeFiles/cmTC_55d10.dir/build.make:87: cmTC_55d10] Error 1
make[1]: Leaving directory '/home/ygcho/ca/conv/build/CMakeFiles/CMakeTmp'
make: *** [Makefile:121: cmTC_55d10/fast] Error 2



Performing C SOURCE FILE Test CMAKE_HAVE_LIBC_PTHREAD failed with the following output:
Change Dir: /home/ygcho/ca/conv/build/CMakeFiles/CMakeTmp

Run Build Command(s):/usr/bin/make cmTC_323df/fast && /usr/bin/make -f CMakeFiles/cmTC_323df.dir/build.make CMakeFiles/cmTC_323df.dir/build
make[1]: Entering directory '/home/ygcho/ca/conv/build/CMakeFiles/CMakeTmp'
Building C object CMakeFiles/cmTC_323df.dir/src.c.o
/usr/bin/cc   -DCMAKE_HAVE_LIBC_PTHREAD   -o CMakeFiles/cmTC_323df.dir/src.c.o   -c /home/ygcho/ca/conv/build/CMakeFiles/CMakeTmp/src.c
Linking C executable cmTC_323df
/usr/bin/cmake -E cmake_link_script CMakeFiles/cmTC_323df.dir/link.txt --verbose=1
/usr/bin/cc  -DCMAKE_HAVE_LIBC_PTHREAD    -rdynamic CMakeFiles/cmTC_323df.dir/src.c.o  -o cmTC_323df 
/usr/bin/ld: CMakeFiles/cmTC_323df.dir/src.c.o: in function `main':
src.c:(.text+0x46): undefined reference to `pthread_create'
/usr/bin/ld: src.c:(.text+0x52): undefined reference to `pthread_detach'
/usr/bin/ld: src.c:(.text+0x63): undefined reference to `pthread_join'
collect2: error: ld returned 1 exit status
make[1]: *** [CMakeFiles/cmTC_323df.dir/build.make:87: cmTC_323df] Error 1
make[1]: Leaving directory '/home/ygcho/ca/conv/build/CMakeFiles/CMakeTmp'
make: *** [Makefile:121: cmTC_323df/fast] Error 2


Source file was:
#include <pthread.h>

void* test_func(void* data)
{
  return data;
}

int main(void)
{
  pthread_t thread;
  pthread_create(&thread, NULL, test_func, NULL);
  pthread_detach(thread);
  pthread_join(thread, NULL);
  pthread_atfork(NULL, NULL, NULL);
  pthread_exit(NULL);

  return 0;
}

Determining if the function pthread_create exists in the pthreads failed with the following output:
Change Dir: /home/ygcho/ca/conv/build/CMakeFiles/CMakeTmp

Run Build Command(s):/usr/bin/make cmTC_f7a33/fast && /usr/bin/make -f CMakeFiles/cmTC_f7a33.dir/build.make CMakeFiles/cmTC_f7a33.dir/build
make[1]: Entering directory '/home/ygcho/ca/conv/build/CMakeFiles/CMakeTmp'
Building C object CMakeFiles/cmTC_f7a33.dir/CheckFunctionExists.c.o
/usr/bin/cc   -DCHECK_FUNCTION_EXISTS=pthread_create   -o CMakeFiles/cmTC_f7a33.dir/CheckFunctionExists.c.o   -c /usr/share/cmake-3.16/Modules/CheckFunctionExists.c
Linking C executable cmTC_f7a33
/usr/bin/cmake -E cmake_link_script CMakeFiles/cmTC_f7a33.dir/link.txt --verbose=1
/usr/bin/cc  -DCHECK_FUNCTION_EXISTS=pthread_create    -rdynamic CMakeFiles/cmTC_f7a33.dir/CheckFunctionExists.c.o  -o cmTC_f7a33  -lpthreads 
/usr/bin/ld: cannot find -lpthreads
collect2: error: ld returned 1 exit status
make[1]: *** [CMakeFiles/cmTC_f7a33.dir/build.make:87: cmTC_f7a33] Error 1
make[1]: Leaving directory '/home/ygcho/ca/conv/build/CMakeFiles/CMakeTmp'
make: *** [Makefile:121: cmTC_f7a33/fast] Error 2



Performing C SOURCE FILE Test CMAKE_HAVE_LIBC_PTHREAD failed with the following output:
Change Dir: /home/ygcho/ca/conv/build/CMakeFiles/CMakeTmp

Run Build Command(s):/usr/bin/make cmTC_f3d56/fast && /usr/bin/make -f CMakeFiles/cmTC_f3d56.dir/build.make CMakeFiles/cmTC_f3d56.dir/build
make[1]: Entering directory '/home/ygcho/ca/conv/build/CMakeFiles/CMakeTmp'
Building C object CMakeFiles/cmTC_f3d56.dir/src.c.o
/usr/bin/cc   -DCMAKE_HAVE_LIBC_PTHREAD   -o CMakeFiles/cmTC_f3d56.dir/src.c.o   -c /home/ygcho/ca/conv/build/CMakeFiles/CMakeTmp/src.c
Linking C executable cmTC_f3d56
/usr/bin/cmake -E cmake_link_script CMakeFiles/cmTC_f3d56.dir/link.txt --verbose=1
/usr/bin/cc  -DCMAKE_HAVE_LIBC_PTHREAD    -rdynamic CMakeFiles/cmTC_f3d56.dir/src.c.o  -o cmTC_f3d56 
/usr/bin/ld: CMakeFiles/cmTC_f3d56.dir/src.c.o: in function `main':
src.c:(.text+0x46): undefined reference to `pthread_create'
/usr/bin/ld: src.c:(.text+0x52): undefined reference to `pthread_detach'
/usr/bin/ld: src.c:(.text+0x63): undefined reference to `pthread_join'
collect2: error: ld returned 1 exit status
make[1]: *** [CMakeFiles/cmTC_f3d56.dir/build.make:87: cmTC_f3d56] Error 1
make[1]: Leaving directory '/home/ygcho/ca/conv/build/CMakeFiles/CMakeTmp'
make: *** [Makefile:121: cmTC_f3d56/fast] Error 2


Source file was:
#include <pthread.h>

void* test_func(void* data)
{
  return data;
}

int main(void)
{
  pthread_t thread;
  pthread_create(&thread, NULL, test_func, NULL);
  pthread_detach(thread);
  pthread_join(thread, NULL);
  pthread_atfork(NULL, NULL, NULL);
  pthread_exit(NULL);

  return 0;
}

Determining if the function pthread_create exists in the pthreads failed with the following output:
Change Dir: /home/ygcho/ca/conv/build/CMakeFiles/CMakeTmp

Run Build Command(s):/usr/bin/make cmTC_283b0/fast && /usr/bin/make -f CMakeFiles/cmTC_283b0.dir/build.make CMakeFiles/cmTC_283b0.dir/build
make[1]: Entering directory '/home/ygcho/ca/conv/build/CMakeFiles/CMakeTmp'
Building C object CMakeFiles/cmTC_283b0.dir/CheckFunctionExists.c.o
/usr/bin/cc   -DCHECK_FUNCTION_EXISTS=pthread_create   -o CMakeFiles/cmTC_283b0.dir/CheckFunctionExists.c.o   -c /usr/share/cmake-3.16/Modules/CheckFunctionExists.c
Linking C executable cmTC_283b0
/usr/bin/cmake -E cmake_link_script CMakeFiles/cmTC_283b0.dir/link.txt --verbose=1
/usr/bin/cc  -DCHECK_FUNCTION_EXISTS=pthread_create    -rdynamic CMakeFiles/cmTC_283b0.dir/CheckFunctionExists.c.o  -o cmTC_283b0  -lpthreads 
/usr/bin/ld: cannot find -lpthreads
collect2: error: ld returned 1 exit status
make[1]: *** [CMakeFiles/cmTC_283b0.dir/build.make:87: cmTC_283b0] Error 1
make[1]: Leaving directory '/home/ygcho/ca/conv/build/CMakeFiles/CMakeTmp'
make: *** [Makefile:121: cmTC_283b0/fast] Error 2



Performing C SOURCE FILE Test CMAKE_HAVE_LIBC_PTHREAD failed with the following output:
Change Dir: /home/ygcho/ca/conv/build/CMakeFiles/CMakeTmp

Run Build Command(s):/usr/bin/make cmTC_838ff/fast && /usr/bin/make -f CMakeFiles/cmTC_838ff.dir/build.make CMakeFiles/cmTC_838ff.dir/build
make[1]: Entering directory '/home/ygcho/ca/conv/build/CMakeFiles/CMakeTmp'
Building C object CMakeFiles/cmTC_838ff.dir/src.c.o
/usr/bin/cc   -DCMAKE_HAVE_LIBC_PTHREAD   -o CMakeFiles/cmTC_838ff.dir/src.c.o   -c /home/ygcho/ca/conv/build/CMakeFiles/CMakeTmp/src.c
Linking C executable cmTC_838ff
/usr/bin/cmake -E cmake_link_script CMakeFiles/cmTC_838ff.dir/link.txt --verbose=1
/usr/bin/cc  -DCMAKE_HAVE_LIBC_PTHREAD    -rdynamic CMakeFiles/cmTC_838ff.dir/src.c.o  -o cmTC_838ff 
/usr/bin/ld: CMakeFiles/cmTC_838ff.dir/src.c.o: in function `main':
src.c:(.text+0x46): undefined reference to `pthread_create'
/usr/bin/ld: src.c:(.text+0x52): undefined reference to `pthread_detach'
/usr/bin/ld: src.c:(.text+0x63): undefined reference to `pthread_join'
collect2: error: ld returned 1 exit status
make[1]: *** [CMakeFiles/cmTC_838ff.dir/build.make:87: cmTC_838ff] Error 1
make[1]: Leaving directory '/home/ygcho/ca/conv/build/CMakeFiles/CMakeTmp'
make: *** [Makefile:121: cmTC_838ff/fast] Error 2


Source file was:
#include <pthread.h>

void* test_func(void* data)
{
  return data;
}

int main(void)
{
  pthread_t thread;
  pthread_create(&thread, NULL, test_func, NULL);
  pthread_detach(thread);
  pthread_join(thread, NULL);
  pthread_atfork(NULL, NULL, NULL);
  pthread_exit(NULL);

  return 0;
}

Determining if the function pthread_create exists in the pthreads failed with the following output:
Change Dir: /home/ygcho/ca/conv/build/CMakeFiles/CMakeTmp

Run Build Command(s):/usr/bin/make cmTC_ab133/fast && /usr/bin/make -f CMakeFiles/cmTC_ab133.dir/build.make CMakeFiles/cmTC_ab133.dir/build
make[1]: Entering directory '/home/ygcho/ca/conv/build/CMakeFiles/CMakeTmp'
Building C object CMakeFiles/cmTC_ab133.dir/CheckFunctionExists.c.o
/usr/bin/cc   -DCHECK_FUNCTION_EXISTS=pthread_create   -o CMakeFiles/cmTC_ab133.dir/CheckFunctionExists.c.o   -c /usr/share/cmake-3.16/Modules/CheckFunctionExists.c
Linking C executable cmTC_ab133
/usr/bin/cmake -E cmake_link_script CMakeFiles/cmTC_ab133.dir/link.txt --verbose=1
/usr/bin/cc  -DCHECK_FUNCTION_EXISTS=pthread_create    -rdynamic CMakeFiles/cmTC_ab133.dir/CheckFunctionExists.c.o  -o cmTC_ab133  -lpthreads 
/usr/bin/ld: cannot find -lpthreads
collect2: error: ld returned 1 exit status
make[1]: *** [CMakeFiles/cmTC_ab133.dir/build.make:87: cmTC_ab133] Error 1
make[1]: Leaving directory '/home/ygcho/ca/conv/build/CMakeFiles/CMakeTmp'
make: *** [Makefile:121: cmTC_ab133/fast] Error 2



Performing C SOURCE FILE Test CMAKE_HAVE_LIBC_PTHREAD failed with the following output:
Change Dir: /home/ygcho/ca/conv/build/CMakeFiles/CMakeTmp

Run Build Command(s):/usr/bin/make cmTC_065cd/fast && /usr/bin/make -f CMakeFiles/cmTC_065cd.dir/build.make CMakeFiles/cmTC_065cd.dir/build
make[1]: Entering directory '/home/ygcho/ca/conv/build/CMakeFiles/CMakeTmp'
Building C object CMakeFiles/cmTC_065cd.dir/src.c.o
/usr/bin/cc   -DCMAKE_HAVE_LIBC_PTHREAD   -o CMakeFiles/cmTC_065cd.dir/src.c.o   -c /home/ygcho/ca/conv/build/CMakeFiles/CMakeTmp/src.c
Linking C executable cmTC_065cd
/usr/bin/cmake -E cmake_link_script CMakeFiles/cmTC_065cd.dir/link.txt --verbose=1
/usr/bin/cc  -DCMAKE_HAVE_LIBC_PTHREAD    -rdynamic CMakeFiles/cmTC_065cd.dir/src.c.o  -o cmTC_065cd 
/usr/bin/ld: CMakeFiles/cmTC_065cd.dir/src.c.o: in function `main':
src.c:(.text+0x46): undefined reference to `pthread_create'
/usr/bin/ld: src.c:(.text+0x52): undefined reference to `pthread_detach'
/usr/bin/ld: src.c:(.text+0x63): undefined reference to `pthread_join'
collect2: error: ld returned 1 exit status
make[1]: *** [CMakeFiles/cmTC_065cd.dir/build.make:87: cmTC_065cd] Error 1
make[1]: Leaving directory '/home/ygcho/ca/conv/build/CMakeFiles/CMakeTmp'
make: *** [Makefile:121: cmTC_065cd/fast] Error 2


Source file was:
#include <pthread.h>

void* test_func(void* data)
{
  return data;
}

int main(void)
{
  pthread_t thread;
  pthread_create(&thread, NULL, test_func, NULL);
  pthread_detach(thread);
  pthread_join(thread, NULL);
  pthread_atfork(NULL, NULL, NULL);
  pthread_exit(NULL);

  return 0;
}

Determining if the function pthread_create exists in the pthreads failed with the following output:
Change Dir: /home/ygcho/ca/conv/build/CMakeFiles/CMakeTmp

Run Build Command(s):/usr/bin/make cmTC_ae7ed/fast && /usr/bin/make -f CMakeFiles/cmTC_ae7ed.dir/build.make CMakeFiles/cmTC_ae7ed.dir/build
make[1]: Entering directory '/home/ygcho/ca/conv/build/CMakeFiles/CMakeTmp'
Building C object CMakeFiles/cmTC_ae7ed.dir/CheckFunctionExists.c.o
/usr/bin/cc   -DCHECK_FUNCTION_EXISTS=pthread_create   -o CMakeFiles/cmTC_ae7ed.dir/CheckFunctionExists.c.o   -c /usr/share/cmake-3.16/Modules/CheckFunctionExists.c
Linking C executable cmTC_ae7ed
/usr/bin/cmake -E cmake_link_script CMakeFiles/cmTC_ae7ed.dir/link.txt --verbose=1
/usr/bin/cc  -DCHECK_FUNCTION_EXISTS=pthread_create    -rdynamic CMakeFiles/cmTC_ae7ed.dir/CheckFunctionExists.c.o  -o cmTC_ae7ed  -lpthreads 
/usr/bin/ld: cannot find -lpthreads
collect2: error: ld returned 1 exit status
make[1]: *** [CMakeFiles/cmTC_ae7ed.dir/build.make:87: cmTC_ae7ed] Error 1
make[1]: Leaving directory '/home/ygcho/ca/conv/build/CMakeFiles/CMakeTmp'
make: *** [Makefile:121: cmTC_ae7ed/fast] Error 2



Performing C SOURCE FILE Test CMAKE_HAVE_LIBC_PTHREAD failed with the following output:
Change Dir: /home/ygcho/ca/conv/build/CMakeFiles/CMakeTmp

Run Build Command(s):/usr/bin/make cmTC_65d4f/fast && /usr/bin/make -f CMakeFiles/cmTC_65d4f.dir/build.make CMakeFiles/cmTC_65d4f.dir/build
make[1]: Entering directory '/home/ygcho/ca/conv/build/CMakeFiles/CMakeTmp'
Building C object CMakeFiles/cmTC_65d4f.dir/src.c.o
/usr/bin/cc   -DCMAKE_HAVE_LIBC_PTHREAD   -o CMakeFiles/cmTC_65d4f.dir/src.c.o   -c /home/ygcho/ca/conv/build/CMakeFiles/CMakeTmp/src.c
Linking C executable cmTC_65d4f
/usr/bin/cmake -E cmake_link_script CMakeFiles/cmTC_65d4f.dir/link.txt --verbose=1
/usr/bin/cc  -DCMAKE_HAVE_LIBC_PTHREAD    -rdynamic CMakeFiles/cmTC_65d4f.dir/src.c.o  -o cmTC_65d4f 
/usr/bin/ld: CMakeFiles/cmTC_65d4f.dir/src.c.o: in function `main':
src.c:(.text+0x46): undefined reference to `pthread_create'
/usr/bin/ld: src.c:(.text+0x52): undefined reference to `pthread_detach'
/usr/bin/ld: src.c:(.text+0x63): undefined reference to `pthread_join'
collect2: error: ld returned 1 exit status
make[1]: *** [CMakeFiles/cmTC_65d4f.dir/build.make:87: cmTC_65d4f] Error 1
make[1]: Leaving directory '/home/ygcho/ca/conv/build/CMakeFiles/CMakeTmp'
make: *** [Makefile:121: cmTC_65d4f/fast] Error 2


Source file was:
#include <pthread.h>

void* test_func(void* data)
{
  return data;
}

int main(void)
{
  pthread_t thread;
  pthread_create(&thread, NULL, test_func, NULL);
  pthread_detach(thread);
  pthread_join(thread, NULL);
  pthread_atfork(NULL, NULL, NULL);
  pthread_exit(NULL);

  return 0;
}

Determining if the function pthread_create exists in the pthreads failed with the following output:
Change Dir: /home/ygcho/ca/conv/build/CMakeFiles/CMakeTmp

Run Build Command(s):/usr/bin/make cmTC_d3779/fast && /usr/bin/make -f CMakeFiles/cmTC_d3779.dir/build.make CMakeFiles/cmTC_d3779.dir/build
make[1]: Entering directory '/home/ygcho/ca/conv/build/CMakeFiles/CMakeTmp'
Building C object CMakeFiles/cmTC_d3779.dir/CheckFunctionExists.c.o
/usr/bin/cc   -DCHECK_FUNCTION_EXISTS=pthread_create   -o CMakeFiles/cmTC_d3779.dir/CheckFunctionExists.c.o   -c /usr/share/cmake-3.16/Modules/CheckFunctionExists.c
Linking C executable cmTC_d3779
/usr/bin/cmake -E cmake_link_script CMakeFiles/cmTC_d3779.dir/link.txt --verbose=1
/usr/bin/cc  -DCHECK_FUNCTION_EXISTS=pthread_create    -rdynamic CMakeFiles/cmTC_d3779.dir/CheckFunctionExists.c.o  -o cmTC_d3779  -lpthreads 
/usr/bin/ld: cannot find -lpthreads
collect2: error: ld returned 1 exit status
make[1]: *** [CMakeFiles/cmTC_d3779.dir/build.make:87: cmTC_d3779] Error 1
make[1]: Leaving directory '/home/ygcho/ca/conv/build/CMakeFiles/CMakeTmp'
make: *** [Makefile:121: cmTC_d3779/fast] Error 2



Performing C SOURCE FILE Test CMAKE_HAVE_LIBC_PTHREAD failed with the following output:
Change Dir: /home/ygcho/ca/SCA_MEA/SCA/build/CMakeFiles/CMakeTmp

Run Build Command(s):/usr/bin/make cmTC_9cfc1/fast && /usr/bin/make -f CMakeFiles/cmTC_9cfc1.dir/build.make CMakeFiles/cmTC_9cfc1.dir/build
make[1]: Entering directory '/home/ygcho/ca/SCA_MEA/SCA/build/CMakeFiles/CMakeTmp'
Building C object CMakeFiles/cmTC_9cfc1.dir/src.c.o
/usr/bin/cc   -DCMAKE_HAVE_LIBC_PTHREAD   -o CMakeFiles/cmTC_9cfc1.dir/src.c.o   -c /home/ygcho/ca/SCA_MEA/SCA/build/CMakeFiles/CMakeTmp/src.c
Linking C executable cmTC_9cfc1
/usr/bin/cmake -E cmake_link_script CMakeFiles/cmTC_9cfc1.dir/link.txt --verbose=1
/usr/bin/cc  -DCMAKE_HAVE_LIBC_PTHREAD    -rdynamic CMakeFiles/cmTC_9cfc1.dir/src.c.o  -o cmTC_9cfc1 
/usr/bin/ld: CMakeFiles/cmTC_9cfc1.dir/src.c.o: in function `main':
src.c:(.text+0x46): undefined reference to `pthread_create'
/usr/bin/ld: src.c:(.text+0x52): undefined reference to `pthread_detach'
/usr/bin/ld: src.c:(.text+0x63): undefined reference to `pthread_join'
collect2: error: ld returned 1 exit status
make[1]: *** [CMakeFiles/cmTC_9cfc1.dir/build.make:87: cmTC_9cfc1] Error 1
make[1]: Leaving directory '/home/ygcho/ca/SCA_MEA/SCA/build/CMakeFiles/CMakeTmp'
make: *** [Makefile:121: cmTC_9cfc1/fast] Error 2


Source file was:
#include <pthread.h>

void* test_func(void* data)
{
  return data;
}

int main(void)
{
  pthread_t thread;
  pthread_create(&thread, NULL, test_func, NULL);
  pthread_detach(thread);
  pthread_join(thread, NULL);
  pthread_atfork(NULL, NULL, NULL);
  pthread_exit(NULL);

  return 0;
}

Determining if the function pthread_create exists in the pthreads failed with the following output:
Change Dir: /home/ygcho/ca/SCA_MEA/SCA/build/CMakeFiles/CMakeTmp

Run Build Command(s):/usr/bin/make cmTC_19e03/fast && /usr/bin/make -f CMakeFiles/cmTC_19e03.dir/build.make CMakeFiles/cmTC_19e03.dir/build
make[1]: Entering directory '/home/ygcho/ca/SCA_MEA/SCA/build/CMakeFiles/CMakeTmp'
Building C object CMakeFiles/cmTC_19e03.dir/CheckFunctionExists.c.o
/usr/bin/cc   -DCHECK_FUNCTION_EXISTS=pthread_create   -o CMakeFiles/cmTC_19e03.dir/CheckFunctionExists.c.o   -c /usr/share/cmake-3.16/Modules/CheckFunctionExists.c
Linking C executable cmTC_19e03
/usr/bin/cmake -E cmake_link_script CMakeFiles/cmTC_19e03.dir/link.txt --verbose=1
/usr/bin/cc  -DCHECK_FUNCTION_EXISTS=pthread_create    -rdynamic CMakeFiles/cmTC_19e03.dir/CheckFunctionExists.c.o  -o cmTC_19e03  -lpthreads 
/usr/bin/ld: cannot find -lpthreads
collect2: error: ld returned 1 exit status
make[1]: *** [CMakeFiles/cmTC_19e03.dir/build.make:87: cmTC_19e03] Error 1
make[1]: Leaving directory '/home/ygcho/ca/SCA_MEA/SCA/build/CMakeFiles/CMakeTmp'
make: *** [Makefile:121: cmTC_19e03/fast] Error 2



Performing C SOURCE FILE Test CMAKE_HAVE_LIBC_PTHREAD failed with the following output:
Change Dir: /home/ygcho/ca/SCA_MEA/SCA/build/CMakeFiles/CMakeTmp

Run Build Command(s):/usr/bin/make cmTC_c3cd9/fast && /usr/bin/make -f CMakeFiles/cmTC_c3cd9.dir/build.make CMakeFiles/cmTC_c3cd9.dir/build
make[1]: Entering directory '/home/ygcho/ca/SCA_MEA/SCA/build/CMakeFiles/CMakeTmp'
Building C object CMakeFiles/cmTC_c3cd9.dir/src.c.o
/usr/bin/cc   -DCMAKE_HAVE_LIBC_PTHREAD   -o CMakeFiles/cmTC_c3cd9.dir/src.c.o   -c /home/ygcho/ca/SCA_MEA/SCA/build/CMakeFiles/CMakeTmp/src.c
Linking C executable cmTC_c3cd9
/usr/bin/cmake -E cmake_link_script CMakeFiles/cmTC_c3cd9.dir/link.txt --verbose=1
/usr/bin/cc  -DCMAKE_HAVE_LIBC_PTHREAD    -rdynamic CMakeFiles/cmTC_c3cd9.dir/src.c.o  -o cmTC_c3cd9 
/usr/bin/ld: CMakeFiles/cmTC_c3cd9.dir/src.c.o: in function `main':
src.c:(.text+0x46): undefined reference to `pthread_create'
/usr/bin/ld: src.c:(.text+0x52): undefined reference to `pthread_detach'
/usr/bin/ld: src.c:(.text+0x63): undefined reference to `pthread_join'
collect2: error: ld returned 1 exit status
make[1]: *** [CMakeFiles/cmTC_c3cd9.dir/build.make:87: cmTC_c3cd9] Error 1
make[1]: Leaving directory '/home/ygcho/ca/SCA_MEA/SCA/build/CMakeFiles/CMakeTmp'
make: *** [Makefile:121: cmTC_c3cd9/fast] Error 2


Source file was:
#include <pthread.h>

void* test_func(void* data)
{
  return data;
}

int main(void)
{
  pthread_t thread;
  pthread_create(&thread, NULL, test_func, NULL);
  pthread_detach(thread);
  pthread_join(thread, NULL);
  pthread_atfork(NULL, NULL, NULL);
  pthread_exit(NULL);

  return 0;
}

Determining if the function pthread_create exists in the pthreads failed with the following output:
Change Dir: /home/ygcho/ca/SCA_MEA/SCA/build/CMakeFiles/CMakeTmp

Run Build Command(s):/usr/bin/make cmTC_7fddb/fast && /usr/bin/make -f CMakeFiles/cmTC_7fddb.dir/build.make CMakeFiles/cmTC_7fddb.dir/build
make[1]: Entering directory '/home/ygcho/ca/SCA_MEA/SCA/build/CMakeFiles/CMakeTmp'
Building C object CMakeFiles/cmTC_7fddb.dir/CheckFunctionExists.c.o
/usr/bin/cc   -DCHECK_FUNCTION_EXISTS=pthread_create   -o CMakeFiles/cmTC_7fddb.dir/CheckFunctionExists.c.o   -c /usr/share/cmake-3.16/Modules/CheckFunctionExists.c
Linking C executable cmTC_7fddb
/usr/bin/cmake -E cmake_link_script CMakeFiles/cmTC_7fddb.dir/link.txt --verbose=1
/usr/bin/cc  -DCHECK_FUNCTION_EXISTS=pthread_create    -rdynamic CMakeFiles/cmTC_7fddb.dir/CheckFunctionExists.c.o  -o cmTC_7fddb  -lpthreads 
/usr/bin/ld: cannot find -lpthreads
collect2: error: ld returned 1 exit status
make[1]: *** [CMakeFiles/cmTC_7fddb.dir/build.make:87: cmTC_7fddb] Error 1
make[1]: Leaving directory '/home/ygcho/ca/SCA_MEA/SCA/build/CMakeFiles/CMakeTmp'
make: *** [Makefile:121: cmTC_7fddb/fast] Error 2



Performing C SOURCE FILE Test CMAKE_HAVE_LIBC_PTHREAD failed with the following output:
Change Dir: /home/ygcho/ca/SCA_MEA/SCA/build/CMakeFiles/CMakeTmp

Run Build Command(s):/usr/bin/make cmTC_12832/fast && /usr/bin/make -f CMakeFiles/cmTC_12832.dir/build.make CMakeFiles/cmTC_12832.dir/build
make[1]: Entering directory '/home/ygcho/ca/SCA_MEA/SCA/build/CMakeFiles/CMakeTmp'
Building C object CMakeFiles/cmTC_12832.dir/src.c.o
/usr/bin/cc   -DCMAKE_HAVE_LIBC_PTHREAD   -o CMakeFiles/cmTC_12832.dir/src.c.o   -c /home/ygcho/ca/SCA_MEA/SCA/build/CMakeFiles/CMakeTmp/src.c
Linking C executable cmTC_12832
/usr/bin/cmake -E cmake_link_script CMakeFiles/cmTC_12832.dir/link.txt --verbose=1
/usr/bin/cc  -DCMAKE_HAVE_LIBC_PTHREAD    -rdynamic CMakeFiles/cmTC_12832.dir/src.c.o  -o cmTC_12832 
/usr/bin/ld: CMakeFiles/cmTC_12832.dir/src.c.o: in function `main':
src.c:(.text+0x46): undefined reference to `pthread_create'
/usr/bin/ld: src.c:(.text+0x52): undefined reference to `pthread_detach'
/usr/bin/ld: src.c:(.text+0x63): undefined reference to `pthread_join'
collect2: error: ld returned 1 exit status
make[1]: *** [CMakeFiles/cmTC_12832.dir/build.make:87: cmTC_12832] Error 1
make[1]: Leaving directory '/home/ygcho/ca/SCA_MEA/SCA/build/CMakeFiles/CMakeTmp'
make: *** [Makefile:121: cmTC_12832/fast] Error 2


Source file was:
#include <pthread.h>

void* test_func(void* data)
{
  return data;
}

int main(void)
{
  pthread_t thread;
  pthread_create(&thread, NULL, test_func, NULL);
  pthread_detach(thread);
  pthread_join(thread, NULL);
  pthread_atfork(NULL, NULL, NULL);
  pthread_exit(NULL);

  return 0;
}

Determining if the function pthread_create exists in the pthreads failed with the following output:
Change Dir: /home/ygcho/ca/SCA_MEA/SCA/build/CMakeFiles/CMakeTmp

Run Build Command(s):/usr/bin/make cmTC_5226e/fast && /usr/bin/make -f CMakeFiles/cmTC_5226e.dir/build.make CMakeFiles/cmTC_5226e.dir/build
make[1]: Entering directory '/home/ygcho/ca/SCA_MEA/SCA/build/CMakeFiles/CMakeTmp'
Building C object CMakeFiles/cmTC_5226e.dir/CheckFunctionExists.c.o
/usr/bin/cc   -DCHECK_FUNCTION_EXISTS=pthread_create   -o CMakeFiles/cmTC_5226e.dir/CheckFunctionExists.c.o   -c /usr/share/cmake-3.16/Modules/CheckFunctionExists.c
Linking C executable cmTC_5226e
/usr/bin/cmake -E cmake_link_script CMakeFiles/cmTC_5226e.dir/link.txt --verbose=1
/usr/bin/cc  -DCHECK_FUNCTION_EXISTS=pthread_create    -rdynamic CMakeFiles/cmTC_5226e.dir/CheckFunctionExists.c.o  -o cmTC_5226e  -lpthreads 
/usr/bin/ld: cannot find -lpthreads
collect2: error: ld returned 1 exit status
make[1]: *** [CMakeFiles/cmTC_5226e.dir/build.make:87: cmTC_5226e] Error 1
make[1]: Leaving directory '/home/ygcho/ca/SCA_MEA/SCA/build/CMakeFiles/CMakeTmp'
make: *** [Makefile:121: cmTC_5226e/fast] Error 2



Performing C SOURCE FILE Test CMAKE_HAVE_LIBC_PTHREAD failed with the following output:
Change Dir: /home/ygcho/ca/SCA_MEA/SCA/build/CMakeFiles/CMakeTmp

Run Build Command(s):/usr/bin/make cmTC_ba0e4/fast && /usr/bin/make -f CMakeFiles/cmTC_ba0e4.dir/build.make CMakeFiles/cmTC_ba0e4.dir/build
make[1]: Entering directory '/home/ygcho/ca/SCA_MEA/SCA/build/CMakeFiles/CMakeTmp'
Building C object CMakeFiles/cmTC_ba0e4.dir/src.c.o
/usr/bin/cc   -DCMAKE_HAVE_LIBC_PTHREAD   -o CMakeFiles/cmTC_ba0e4.dir/src.c.o   -c /home/ygcho/ca/SCA_MEA/SCA/build/CMakeFiles/CMakeTmp/src.c
Linking C executable cmTC_ba0e4
/usr/bin/cmake -E cmake_link_script CMakeFiles/cmTC_ba0e4.dir/link.txt --verbose=1
/usr/bin/cc  -DCMAKE_HAVE_LIBC_PTHREAD    -rdynamic CMakeFiles/cmTC_ba0e4.dir/src.c.o  -o cmTC_ba0e4 
/usr/bin/ld: CMakeFiles/cmTC_ba0e4.dir/src.c.o: in function `main':
src.c:(.text+0x46): undefined reference to `pthread_create'
/usr/bin/ld: src.c:(.text+0x52): undefined reference to `pthread_detach'
/usr/bin/ld: src.c:(.text+0x63): undefined reference to `pthread_join'
collect2: error: ld returned 1 exit status
make[1]: *** [CMakeFiles/cmTC_ba0e4.dir/build.make:87: cmTC_ba0e4] Error 1
make[1]: Leaving directory '/home/ygcho/ca/SCA_MEA/SCA/build/CMakeFiles/CMakeTmp'
make: *** [Makefile:121: cmTC_ba0e4/fast] Error 2


Source file was:
#include <pthread.h>

void* test_func(void* data)
{
  return data;
}

int main(void)
{
  pthread_t thread;
  pthread_create(&thread, NULL, test_func, NULL);
  pthread_detach(thread);
  pthread_join(thread, NULL);
  pthread_atfork(NULL, NULL, NULL);
  pthread_exit(NULL);

  return 0;
}

Determining if the function pthread_create exists in the pthreads failed with the following output:
Change Dir: /home/ygcho/ca/SCA_MEA/SCA/build/CMakeFiles/CMakeTmp

Run Build Command(s):/usr/bin/make cmTC_5f6c1/fast && /usr/bin/make -f CMakeFiles/cmTC_5f6c1.dir/build.make CMakeFiles/cmTC_5f6c1.dir/build
make[1]: Entering directory '/home/ygcho/ca/SCA_MEA/SCA/build/CMakeFiles/CMakeTmp'
Building C object CMakeFiles/cmTC_5f6c1.dir/CheckFunctionExists.c.o
/usr/bin/cc   -DCHECK_FUNCTION_EXISTS=pthread_create   -o CMakeFiles/cmTC_5f6c1.dir/CheckFunctionExists.c.o   -c /usr/share/cmake-3.16/Modules/CheckFunctionExists.c
Linking C executable cmTC_5f6c1
/usr/bin/cmake -E cmake_link_script CMakeFiles/cmTC_5f6c1.dir/link.txt --verbose=1
/usr/bin/cc  -DCHECK_FUNCTION_EXISTS=pthread_create    -rdynamic CMakeFiles/cmTC_5f6c1.dir/CheckFunctionExists.c.o  -o cmTC_5f6c1  -lpthreads 
/usr/bin/ld: cannot find -lpthreads
collect2: error: ld returned 1 exit status
make[1]: *** [CMakeFiles/cmTC_5f6c1.dir/build.make:87: cmTC_5f6c1] Error 1
make[1]: Leaving directory '/home/ygcho/ca/SCA_MEA/SCA/build/CMakeFiles/CMakeTmp'
make: *** [Makefile:121: cmTC_5f6c1/fast] Error 2



Performing C SOURCE FILE Test CMAKE_HAVE_LIBC_PTHREAD failed with the following output:
Change Dir: /home/ygcho/ca/SCA_MEA/SCA/build/CMakeFiles/CMakeTmp

Run Build Command(s):/usr/bin/make cmTC_1ae5a/fast && /usr/bin/make -f CMakeFiles/cmTC_1ae5a.dir/build.make CMakeFiles/cmTC_1ae5a.dir/build
make[1]: Entering directory '/home/ygcho/ca/SCA_MEA/SCA/build/CMakeFiles/CMakeTmp'
Building C object CMakeFiles/cmTC_1ae5a.dir/src.c.o
/usr/bin/cc   -DCMAKE_HAVE_LIBC_PTHREAD   -o CMakeFiles/cmTC_1ae5a.dir/src.c.o   -c /home/ygcho/ca/SCA_MEA/SCA/build/CMakeFiles/CMakeTmp/src.c
Linking C executable cmTC_1ae5a
/usr/bin/cmake -E cmake_link_script CMakeFiles/cmTC_1ae5a.dir/link.txt --verbose=1
/usr/bin/cc  -DCMAKE_HAVE_LIBC_PTHREAD    -rdynamic CMakeFiles/cmTC_1ae5a.dir/src.c.o  -o cmTC_1ae5a 
/usr/bin/ld: CMakeFiles/cmTC_1ae5a.dir/src.c.o: in function `main':
src.c:(.text+0x46): undefined reference to `pthread_create'
/usr/bin/ld: src.c:(.text+0x52): undefined reference to `pthread_detach'
/usr/bin/ld: src.c:(.text+0x63): undefined reference to `pthread_join'
collect2: error: ld returned 1 exit status
make[1]: *** [CMakeFiles/cmTC_1ae5a.dir/build.make:87: cmTC_1ae5a] Error 1
make[1]: Leaving directory '/home/ygcho/ca/SCA_MEA/SCA/build/CMakeFiles/CMakeTmp'
make: *** [Makefile:121: cmTC_1ae5a/fast] Error 2


Source file was:
#include <pthread.h>

void* test_func(void* data)
{
  return data;
}

int main(void)
{
  pthread_t thread;
  pthread_create(&thread, NULL, test_func, NULL);
  pthread_detach(thread);
  pthread_join(thread, NULL);
  pthread_atfork(NULL, NULL, NULL);
  pthread_exit(NULL);

  return 0;
}

Determining if the function pthread_create exists in the pthreads failed with the following output:
Change Dir: /home/ygcho/ca/SCA_MEA/SCA/build/CMakeFiles/CMakeTmp

Run Build Command(s):/usr/bin/make cmTC_b9b5b/fast && /usr/bin/make -f CMakeFiles/cmTC_b9b5b.dir/build.make CMakeFiles/cmTC_b9b5b.dir/build
make[1]: Entering directory '/home/ygcho/ca/SCA_MEA/SCA/build/CMakeFiles/CMakeTmp'
Building C object CMakeFiles/cmTC_b9b5b.dir/CheckFunctionExists.c.o
/usr/bin/cc   -DCHECK_FUNCTION_EXISTS=pthread_create   -o CMakeFiles/cmTC_b9b5b.dir/CheckFunctionExists.c.o   -c /usr/share/cmake-3.16/Modules/CheckFunctionExists.c
Linking C executable cmTC_b9b5b
/usr/bin/cmake -E cmake_link_script CMakeFiles/cmTC_b9b5b.dir/link.txt --verbose=1
/usr/bin/cc  -DCHECK_FUNCTION_EXISTS=pthread_create    -rdynamic CMakeFiles/cmTC_b9b5b.dir/CheckFunctionExists.c.o  -o cmTC_b9b5b  -lpthreads 
/usr/bin/ld: cannot find -lpthreads
collect2: error: ld returned 1 exit status
make[1]: *** [CMakeFiles/cmTC_b9b5b.dir/build.make:87: cmTC_b9b5b] Error 1
make[1]: Leaving directory '/home/ygcho/ca/SCA_MEA/SCA/build/CMakeFiles/CMakeTmp'
make: *** [Makefile:121: cmTC_b9b5b/fast] Error 2



